[debug] [2021-02-23T14:11:35.318Z] ----------------------------------------------------------------------
[debug] [2021-02-23T14:11:35.349Z] Command:       /home/collins/.nvm/versions/node/v14.0.0/bin/node /home/collins/.nvm/versions/node/v14.0.0/bin/firebase deploy
[debug] [2021-02-23T14:11:35.351Z] CLI Version:   9.4.0
[debug] [2021-02-23T14:11:35.351Z] Platform:      linux
[debug] [2021-02-23T14:11:35.352Z] Node Version:  v14.0.0
[debug] [2021-02-23T14:11:35.541Z] Time:          Tue Feb 23 2021 17:11:35 GMT+0300 (East Africa Time)
[debug] [2021-02-23T14:11:35.542Z] ----------------------------------------------------------------------
[debug] [2021-02-23T14:11:35.543Z] 
[debug] [2021-02-23T14:11:35.664Z] > command requires scopes: ["email","openid","https://www.googleapis.com/auth/cloudplatformprojects.readonly","https://www.googleapis.com/auth/firebase","https://www.googleapis.com/auth/cloud-platform"]
[debug] [2021-02-23T14:11:35.666Z] > authorizing via signed-in user
[debug] [2021-02-23T14:11:35.667Z] [iam] checking project live-summary for permissions ["firebase.projects.get","firebasehosting.sites.update"]
[debug] [2021-02-23T14:11:35.712Z] > refreshing access token with scopes: ["email","https://www.googleapis.com/auth/cloud-platform","https://www.googleapis.com/auth/cloudplatformprojects.readonly","https://www.googleapis.com/auth/firebase","openid"]
[debug] [2021-02-23T14:11:35.714Z] >>> HTTP REQUEST POST https://www.googleapis.com/oauth2/v3/token  
 <request body omitted>
[debug] [2021-02-23T14:11:46.047Z] [iam] error while checking permissions, command may fail: FirebaseError: Authentication Error: Your credentials are no longer valid. Please run firebase login --reauth

For CI servers and headless environments, generate a new token with firebase login:ci
[debug] [2021-02-23T14:11:46.057Z] > refreshing access token with scopes: []
[debug] [2021-02-23T14:11:46.058Z] >>> HTTP REQUEST POST https://www.googleapis.com/oauth2/v3/token  
 <request body omitted>
[debug] [2021-02-23T14:11:56.082Z] Authentication Error: Your credentials are no longer valid. Please run firebase login --reauth

For CI servers and headless environments, generate a new token with firebase login:ci
[debug] [2021-02-23T14:12:06.122Z] FirebaseError: Authentication Error: Your credentials are no longer valid. Please run firebase login --reauth

For CI servers and headless environments, generate a new token with firebase login:ci
    at invalidCredentialError (/home/collins/.nvm/versions/node/v14.0.0/lib/node_modules/firebase-tools/lib/auth.js:26:12)
    at refreshTokens (/home/collins/.nvm/versions/node/v14.0.0/lib/node_modules/firebase-tools/lib/auth.js:297:15)
    at processTicksAndRejections (internal/process/task_queues.js:97:5)
    at async Client.getAccessToken (/home/collins/.nvm/versions/node/v14.0.0/lib/node_modules/firebase-tools/lib/apiv2.js:144:23)
    at async Client.addAuthHeader (/home/collins/.nvm/versions/node/v14.0.0/lib/node_modules/firebase-tools/lib/apiv2.js:135:21)
    at async Client.request (/home/collins/.nvm/versions/node/v14.0.0/lib/node_modules/firebase-tools/lib/apiv2.js:93:34)
    at async Object.getFirebaseProject (/home/collins/.nvm/versions/node/v14.0.0/lib/node_modules/firebase-tools/lib/management/projects.js:289:21)
    at async Object.getDefaultHostingSite (/home/collins/.nvm/versions/node/v14.0.0/lib/node_modules/firebase-tools/lib/getDefaultHostingSite.js:8:21)
    at async requireHostingSite (/home/collins/.nvm/versions/node/v14.0.0/lib/node_modules/firebase-tools/lib/requireHostingSite.js:9:18)
    at async Object.fn (/home/collins/.nvm/versions/node/v14.0.0/lib/node_modules/firebase-tools/lib/commands/deploy.js:66:9)
    at async /home/collins/.nvm/versions/node/v14.0.0/lib/node_modules/firebase-tools/lib/command.js:161:17
[error] 
[error] Error: Failed to get Firebase project live-summary. Please make sure the project exists and your account has permission to access it.
